Determining if the pthread_create exist failed with the following output:
Change Dir: /home/labbot/ROS-labbot-kalkowski-staszak/labbot_ws/build/CMakeFiles/CMakeTmp

Run Build Command:"/usr/bin/make" "cmTC_342e1/fast"
/usr/bin/make -f CMakeFiles/cmTC_342e1.dir/build.make CMakeFiles/cmTC_342e1.dir/build
make[1]: Wejście do katalogu '/home/labbot/ROS-labbot-kalkowski-staszak/labbot_ws/build/CMakeFiles/CMakeTmp'
Building C object CMakeFiles/cmTC_342e1.dir/CheckSymbolExists.c.o
/usr/bin/cc     -o CMakeFiles/cmTC_342e1.dir/CheckSymbolExists.c.o   -c /home/labbot/ROS-labbot-kalkowski-staszak/labbot_ws/build/CMakeFiles/CMakeTmp/CheckSymbolExists.c
Linking C executable cmTC_342e1
/usr/bin/cmake -E cmake_link_script CMakeFiles/cmTC_342e1.dir/link.txt --verbose=1
/usr/bin/cc       CMakeFiles/cmTC_342e1.dir/CheckSymbolExists.c.o  -o cmTC_342e1 -rdynamic 
CMakeFiles/cmTC_342e1.dir/CheckSymbolExists.c.o: In function `main':
CheckSymbolExists.c:(.text+0x16): undefined reference to `pthread_create'
collect2: error: ld returned 1 exit status
CMakeFiles/cmTC_342e1.dir/build.make:97: polecenia dla obiektu 'cmTC_342e1' nie powiodły się
make[1]: *** [cmTC_342e1] Błąd 1
make[1]: Opuszczenie katalogu '/home/labbot/ROS-labbot-kalkowski-staszak/labbot_ws/build/CMakeFiles/CMakeTmp'
Makefile:126: polecenia dla obiektu 'cmTC_342e1/fast' nie powiodły się
make: *** [cmTC_342e1/fast] Błąd 2

File /home/labbot/ROS-labbot-kalkowski-staszak/labbot_ws/build/CMakeFiles/CMakeTmp/CheckSymbolExists.c:
/* */
#include <pthread.h>

int main(int argc, char** argv)
{
  (void)argv;
#ifndef pthread_create
  return ((int*)(&pthread_create))[argc];
#else
  (void)argc;
  return 0;
#endif
}

Determining if the function pthread_create exists in the pthreads failed with the following output:
Change Dir: /home/labbot/ROS-labbot-kalkowski-staszak/labbot_ws/build/CMakeFiles/CMakeTmp

Run Build Command:"/usr/bin/make" "cmTC_76353/fast"
/usr/bin/make -f CMakeFiles/cmTC_76353.dir/build.make CMakeFiles/cmTC_76353.dir/build
make[1]: Wejście do katalogu '/home/labbot/ROS-labbot-kalkowski-staszak/labbot_ws/build/CMakeFiles/CMakeTmp'
Building C object CMakeFiles/cmTC_76353.dir/CheckFunctionExists.c.o
/usr/bin/cc    -DCHECK_FUNCTION_EXISTS=pthread_create   -o CMakeFiles/cmTC_76353.dir/CheckFunctionExists.c.o   -c /usr/share/cmake-3.5/Modules/CheckFunctionExists.c
Linking C executable cmTC_76353
/usr/bin/cmake -E cmake_link_script CMakeFiles/cmTC_76353.dir/link.txt --verbose=1
/usr/bin/cc   -DCHECK_FUNCTION_EXISTS=pthread_create    CMakeFiles/cmTC_76353.dir/CheckFunctionExists.c.o  -o cmTC_76353 -rdynamic -lpthreads 
/usr/bin/ld: cannot find -lpthreads
collect2: error: ld returned 1 exit status
CMakeFiles/cmTC_76353.dir/build.make:97: polecenia dla obiektu 'cmTC_76353' nie powiodły się
make[1]: *** [cmTC_76353] Błąd 1
make[1]: Opuszczenie katalogu '/home/labbot/ROS-labbot-kalkowski-staszak/labbot_ws/build/CMakeFiles/CMakeTmp'
Makefile:126: polecenia dla obiektu 'cmTC_76353/fast' nie powiodły się
make: *** [cmTC_76353/fast] Błąd 2


